2025-03-05 23:51:01,744-DEBUG-【views-ai_create: line 167】AI说：{'我的建议': '约会是两个人相互了解的过程，保持真诚和尊重对方是非常重要的。同时，确保你的个人安全和健康是首要的。祝你有一个愉快的约会！'}
2025-03-05 23:51:01,744-DEBUG-【views-ai_create: line 168】AI生成了：[{'title': '准备约会', 'start': '2025-03-05T20:00', 'end': '2025-03-05T21:30', 'description': '选择合适的服装，准备个人卫生，确保仪表整洁。', 'importance': 'important', 'urgency': 'urgent'}, {'title': '约会地点选择', 'start': '2025-03-05T21:30', 'end': '2025-03-05T22:00', 'description': '选择一个适合的约会地点，考虑对方的兴趣和喜好。', 'importance': 'important', 'urgency': 'urgent'}, {'title': '约会话题准备', 'start': '2025-03-05T22:00', 'end': '2025-03-05T22:30', 'description': '准备一些轻松愉快的话题，避免敏感或争议性话题。', 'importance': 'important', 'urgency': 'not-urgent'}, {'title': '安全措施', 'start': '2025-03-05T22:30', 'end': '2025-03-05T23:00', 'description': '确保采取适当的安全措施，包括个人健康和隐私保护。', 'importance': 'important', 'urgency': 'urgent'}]
2025-03-05 23:51:10,425-DEBUG-【views-update_events: line 233】日程更新，详情：{'id': '2193636b-10d5-4031-989e-c960cfdedcfd', 'title': '准备约会', 'start': '2025-03-05T10:30:00.000Z', 'end': '2025-03-05T12:00:00.000Z', 'description': '选择合适的服装，准备个人卫生，确保仪表整洁。', 'importance': 'important', 'urgency': 'urgent', 'groupID': ''}
2025-03-05 23:51:12,824-DEBUG-【views-update_events: line 233】日程更新，详情：{'id': '2193636b-10d5-4031-989e-c960cfdedcfd', 'title': '准备约会', 'start': '2025-03-05T09:00:00.000Z', 'end': '2025-03-05T10:30:00.000Z', 'description': '选择合适的服装，准备个人卫生，确保仪表整洁。', 'importance': 'important', 'urgency': 'urgent', 'groupID': ''}
2025-03-05 23:51:16,112-DEBUG-【views-update_events: line 233】日程更新，详情：{'id': 'b52839a7-a5d9-48cd-8ab4-d023c39b0b59', 'title': '约会地点选择', 'start': '2025-03-05T02:30:00.000Z', 'end': '2025-03-05T03:00:00.000Z', 'description': '选择一个适合的约会地点，考虑对方的兴趣和喜好。', 'importance': 'important', 'urgency': 'urgent', 'groupID': ''}
2025-03-05 23:51:19,047-DEBUG-【views-update_events: line 233】日程更新，详情：{'id': '4776cbb6-d611-487a-8a5c-110308f73e02', 'title': '约会话题准备', 'start': '2025-03-05T05:00:00.000Z', 'end': '2025-03-05T05:30:00.000Z', 'description': '准备一些轻松愉快的话题，避免敏感或争议性话题。', 'importance': 'important', 'urgency': 'not-urgent', 'groupID': ''}
2025-03-05 23:51:25,103-DEBUG-【views-delete_event: line 311】指定了要删除的日程代码：b52839a7-a5d9-48cd-8ab4-d023c39b0b59
2025-03-05 23:51:38,592-DEBUG-【views-update_events: line 233】日程更新，详情：{'id': '2193636b-10d5-4031-989e-c960cfdedcfd', 'title': '准备约会', 'start': '2025-03-05T06:30:00.000Z', 'end': '2025-03-05T08:00:00.000Z', 'description': '选择合适的服装，准备个人卫生，确保仪表整洁。', 'importance': 'important', 'urgency': 'urgent', 'groupID': ''}
2025-03-05 23:51:39,873-DEBUG-【views-update_events: line 233】日程更新，详情：{'id': '4776cbb6-d611-487a-8a5c-110308f73e02', 'title': '约会话题准备', 'start': '2025-03-06T04:30:00.000Z', 'end': '2025-03-06T05:00:00.000Z', 'description': '准备一些轻松愉快的话题，避免敏感或争议性话题。', 'importance': 'important', 'urgency': 'not-urgent', 'groupID': ''}
2025-03-05 23:51:42,304-DEBUG-【views-delete_event: line 311】指定了要删除的日程代码：4776cbb6-d611-487a-8a5c-110308f73e02
2025-03-05 23:51:45,423-DEBUG-【views-delete_event: line 311】指定了要删除的日程代码：2193636b-10d5-4031-989e-c960cfdedcfd
2025-03-05 23:51:47,337-DEBUG-【views-delete_event: line 311】指定了要删除的日程代码：b5086678-c014-4507-8704-51299cc85563
2025-03-05 23:52:08,673-DEBUG-【views-ai_create: line 167】AI说：{'我的建议': '在任何形式的约会中，尊重和安全都是最重要的。请确保你的决定是出于自愿，并且双方都感到舒适。同时，保持沟通畅通，确保双方的期望和界限都得到尊重。祝你有一个愉快和安全的夜晚。'}
2025-03-05 23:52:08,673-DEBUG-【views-ai_create: line 168】AI生成了：[{'title': '个人卫生整理', 'start': '2025-03-05T22:00', 'end': '2025-03-05T22:30', 'description': '确保个人清洁，包括洗澡、刷牙和使用除臭剂。', 'importance': 'important', 'urgency': 'urgent'}, {'title': '安全准备', 'start': '2025-03-05T22:30', 'end': '2025-03-05T23:00', 'description': '准备安全套等安全措施，确保双方健康和安全。', 'importance': 'important', 'urgency': 'urgent'}, {'title': '心理准备', 'start': '2025-03-05T23:00', 'end': '2025-03-05T23:30', 'description': '进行适当的心理准备，保持轻松和自信的态度。', 'importance': 'important', 'urgency': 'not-urgent'}, {'title': '交通安排', 'start': '2025-03-05T23:30', 'end': '2025-03-06T00:00', 'description': '安排好前往目的地的交通方式，确保准时到达。', 'importance': 'important', 'urgency': 'urgent'}]
2025-03-05 23:53:00,831-DEBUG-【views-delete_event: line 311】指定了要删除的日程代码：a8492869-7854-45ee-8db1-36458578a094
2025-03-05 23:53:02,212-DEBUG-【views-delete_event: line 311】指定了要删除的日程代码：983de3d9-9c2b-465b-8640-a3de52154d8c
2025-03-05 23:53:03,423-DEBUG-【views-delete_event: line 311】指定了要删除的日程代码：ecc19a50-d808-40b3-a655-79f37dc87ffb
2025-03-05 23:53:05,104-DEBUG-【views-delete_event: line 311】指定了要删除的日程代码：821de697-83e3-4d68-8f76-43c8c32528d1
2025-03-06 00:47:05,179-DEBUG-【views-ai_create: line 167】AI说：{'我的建议': '提前规划好行程和预订，可以避免旅游高峰期的拥挤和不便。同时，了解当地的文化和历史会让你的旅行更加有意义。记得检查所有必要的旅行文件，确保旅行顺利。祝你旅途愉快！'}
2025-03-06 00:47:05,179-DEBUG-【views-ai_create: line 168】AI生成了：[{'title': '规划旅游行程', 'start': '2025-03-06T20:00', 'end': '2025-03-06T22:00', 'description': '确定旅游的主要目的地和活动，包括故宫、长城等著名景点', 'importance': 'important', 'urgency': 'urgent'}, {'title': '预订住宿和交通', 'start': '2025-03-07T09:00', 'end': '2025-03-07T11:00', 'description': '根据行程预订酒店和交通工具，确保住宿舒适且交通便利', 'importance': 'important', 'urgency': 'urgent'}, {'title': '准备行李', 'start': '2025-03-07T19:00', 'end': '2025-03-07T20:00', 'description': '根据天气和活动准备相应的衣物和必需品', 'importance': 'important', 'urgency': 'not-urgent'}, {'title': '学习北京文化和历史', 'start': '2025-03-08T10:00', 'end': '2025-03-08T11:30', 'description': '通过阅读书籍或观看纪录片，增加对北京历史文化的了解', 'importance': 'not-important', 'urgency': 'not-urgent'}, {'title': '检查旅行文件', 'start': '2025-03-09T08:00', 'end': '2025-03-09T09:00', 'description': '确保所有旅行文件，如身份证、护照等准备齐全', 'importance': 'important', 'urgency': 'urgent'}]
2025-03-06 00:48:24,736-DEBUG-【views-delete_event: line 311】指定了要删除的日程代码：c195f836-94de-417f-b683-239a36c14d32
2025-03-06 00:48:29,504-DEBUG-【views-delete_event: line 311】指定了要删除的日程代码：734e52f1-342f-4659-9c1d-c5ff1812e8fa
2025-03-06 00:48:31,653-DEBUG-【views-delete_event: line 311】指定了要删除的日程代码：99ebae4e-b4e7-411b-abd5-e59c35567a0e
2025-03-06 00:48:32,916-DEBUG-【views-delete_event: line 311】指定了要删除的日程代码：a66c4e78-a667-4df5-aac0-f410f6558df3
2025-03-06 00:48:51,119-DEBUG-【views-ai_create: line 167】AI说：
2025-03-06 00:48:51,120-DEBUG-【views-ai_create: line 168】AI生成了：[]
2025-03-06 00:49:08,849-DEBUG-【views-ai_create: line 167】AI说：
2025-03-06 00:49:08,850-DEBUG-【views-ai_create: line 168】AI生成了：[]
