2025-03-06 01:43:53,986-DEBUG-【views-delete_event: line 344】指定了要删除的日程代码：0bdef1df-33e6-4640-9905-4656b747ed24
2025-03-06 01:44:01,073-DEBUG-【views-delete_event: line 344】指定了要删除的日程代码：c5996357-2bd3-4d6d-8592-df2ae928f747
2025-03-06 01:44:06,692-DEBUG-【views-change_view: line 125】{'now_view': {'viewType': 'timeGridWeek', 'start': '2025-03-01T16:00:00.000Z', 'end': '2025-03-08T16:00:00.000Z'}}
2025-03-06 01:44:06,746-DEBUG-【views-user_settings: line 142】{'now_view': {'viewType': 'timeGridWeek', 'start': '2025-03-01T16:00:00.000Z', 'end': '2025-03-08T16:00:00.000Z'}}
2025-03-06 01:44:09,739-DEBUG-【views-update_event_group: line 414】6425d2af-0020-4397-b028-8e1e6ff253e2
2025-03-06 01:44:10,953-DEBUG-【views-change_view: line 125】{'now_view': {'viewType': 'timeGridWeek', 'start': '2025-03-01T16:00:00.000Z', 'end': '2025-03-08T16:00:00.000Z'}}
2025-03-06 01:44:11,015-DEBUG-【views-user_settings: line 142】{'now_view': {'viewType': 'timeGridWeek', 'start': '2025-03-01T16:00:00.000Z', 'end': '2025-03-08T16:00:00.000Z'}}
2025-03-06 01:44:15,377-DEBUG-【views-change_view: line 125】{'now_view': {'viewType': 'timeGridWeek', 'start': '2025-03-01T16:00:00.000Z', 'end': '2025-03-08T16:00:00.000Z'}}
2025-03-06 01:44:15,457-DEBUG-【views-user_settings: line 142】{'now_view': {'viewType': 'timeGridWeek', 'start': '2025-03-01T16:00:00.000Z', 'end': '2025-03-08T16:00:00.000Z'}}
2025-03-06 01:44:22,176-DEBUG-【views-change_view: line 125】{'now_view': {'viewType': 'timeGridWeek', 'start': '2025-03-01T16:00:00.000Z', 'end': '2025-03-08T16:00:00.000Z'}}
2025-03-06 01:44:22,259-DEBUG-【views-user_settings: line 142】{'now_view': {'viewType': 'timeGridWeek', 'start': '2025-03-01T16:00:00.000Z', 'end': '2025-03-08T16:00:00.000Z'}}
2025-03-06 01:44:26,237-DEBUG-【views-change_view: line 125】{'now_view': {'viewType': 'timeGridWeek', 'start': '2025-03-08T16:00:00.000Z', 'end': '2025-03-15T16:00:00.000Z'}}
2025-03-06 01:44:31,535-DEBUG-【views-change_view: line 125】{'now_view': {'viewType': 'timeGridWeek', 'start': '2025-03-01T16:00:00.000Z', 'end': '2025-03-08T16:00:00.000Z'}}
2025-03-06 01:44:31,621-DEBUG-【views-user_settings: line 142】{'now_view': {'viewType': 'timeGridWeek', 'start': '2025-03-01T16:00:00.000Z', 'end': '2025-03-08T16:00:00.000Z'}}
2025-03-06 01:44:32,373-DEBUG-【views-change_view: line 125】{'now_view': {'viewType': 'timeGridWeek', 'start': '2025-02-22T16:00:00.000Z', 'end': '2025-03-01T16:00:00.000Z'}}
2025-03-06 01:44:46,310-DEBUG-【views-change_view: line 125】{'now_view': {'viewType': 'timeGridWeek', 'start': '2025-03-01T16:00:00.000Z', 'end': '2025-03-08T16:00:00.000Z'}}
2025-03-06 01:44:46,385-DEBUG-【views-user_settings: line 142】{'now_view': {'viewType': 'timeGridWeek', 'start': '2025-03-01T16:00:00.000Z', 'end': '2025-03-08T16:00:00.000Z'}}
2025-03-06 01:45:45,268-DEBUG-【views-ai_create: line 167】AI说：{'我的建议': '我将你学习Go语言的日程分散到了一周内，每天学习不同的主题，最后一天通过一个小项目来巩固所学。这样的安排可以帮助你系统地掌握Go语言的基础。如果需要调整或有其他需求，请随时告诉我！'}
2025-03-06 01:45:45,269-DEBUG-【views-ai_create: line 168】AI生成了：[{'title': '学习Go语言基础语法', 'start': '2025-03-10T09:00', 'end': '2025-03-10T11:00', 'description': '包括变量、常量、数据类型等基础语法', 'importance': 'important', 'urgency': 'urgent'}, {'title': '学习Go语言控制结构', 'start': '2025-03-11T10:00', 'end': '2025-03-11T12:00', 'description': '包括if-else、for、switch等控制结构', 'importance': 'important', 'urgency': 'urgent'}, {'title': '学习Go语言函数和方法', 'start': '2025-03-12T14:00', 'end': '2025-03-12T16:00', 'description': '包括函数定义、参数传递、方法调用等', 'importance': 'important', 'urgency': 'urgent'}, {'title': '学习Go语言并发编程', 'start': '2025-03-13T15:00', 'end': '2025-03-13T17:00', 'description': '包括goroutine、channel等并发编程基础', 'importance': 'important', 'urgency': 'urgent'}, {'title': '学习Go语言包和模块', 'start': '2025-03-14T16:00', 'end': '2025-03-14T18:00', 'description': '包括包的导入、模块的使用等', 'importance': 'important', 'urgency': 'urgent'}, {'title': '完成一个小项目', 'start': '2025-03-15T19:00', 'end': '2025-03-15T21:00', 'description': '通过实际项目应用所学知识', 'importance': 'important', 'urgency': 'urgent'}]
2025-03-06 01:46:36,986-DEBUG-【views-ai_create: line 167】AI说：{'我的建议': '考虑到你下周的忙碌，我将学习Go语言的日程调整到了今天开始，并且尽量在本周内完成基础学习。每天安排了不同的主题，最后一天通过一个小项目来巩固所学。这样的安排可以帮助你高效地掌握Go语言的基础。如果需要调整或有其他需求，请随时告诉我！'}
2025-03-06 01:46:36,987-DEBUG-【views-ai_create: line 168】AI生成了：[{'title': '学习Go语言基础语法', 'start': '2025-03-06T09:00', 'end': '2025-03-06T11:00', 'description': '包括变量、常量、数据类型等基础语法', 'importance': 'important', 'urgency': 'urgent'}, {'title': '学习Go语言控制结构', 'start': '2025-03-06T14:00', 'end': '2025-03-06T16:00', 'description': '包括if-else、for、switch等控制结构', 'importance': 'important', 'urgency': 'urgent'}, {'title': '学习Go语言函数和方法', 'start': '2025-03-07T09:00', 'end': '2025-03-07T11:00', 'description': '包括函数定义、参数传递、方法调用等', 'importance': 'important', 'urgency': 'urgent'}, {'title': '学习Go语言并发编程', 'start': '2025-03-07T14:00', 'end': '2025-03-07T16:00', 'description': '包括goroutine、channel等并发编程基础', 'importance': 'important', 'urgency': 'urgent'}, {'title': '学习Go语言包和模块', 'start': '2025-03-08T09:00', 'end': '2025-03-08T11:00', 'description': '包括包的导入、模块的使用等', 'importance': 'important', 'urgency': 'urgent'}, {'title': '完成一个小项目', 'start': '2025-03-08T14:00', 'end': '2025-03-08T16:00', 'description': '通过实际项目应用所学知识', 'importance': 'important', 'urgency': 'urgent'}]
2025-03-06 01:47:31,444-DEBUG-【views-ai_create: line 167】AI说：{'我的建议': '我已将学习Go语言的日程调整到晚上，以适应你白天上课的安排。每天安排了不同的主题，最后一天通过一个小项目来巩固所学。这样的安排可以帮助你在不影响日常课程的情况下，高效地掌握Go语言的基础。如果需要调整或有其他需求，请随时告诉我！'}
2025-03-06 01:47:31,445-DEBUG-【views-ai_create: line 168】AI生成了：[{'title': '学习Go语言基础语法', 'start': '2025-03-06T19:00', 'end': '2025-03-06T21:00', 'description': '包括变量、常量、数据类型等基础语法', 'importance': 'important', 'urgency': 'urgent'}, {'title': '学习Go语言控制结构', 'start': '2025-03-07T19:00', 'end': '2025-03-07T21:00', 'description': '包括if-else、for、switch等控制结构', 'importance': 'important', 'urgency': 'urgent'}, {'title': '学习Go语言函数和方法', 'start': '2025-03-08T19:00', 'end': '2025-03-08T21:00', 'description': '包括函数定义、参数传递、方法调用等', 'importance': 'important', 'urgency': 'urgent'}, {'title': '学习Go语言并发编程', 'start': '2025-03-09T19:00', 'end': '2025-03-09T21:00', 'description': '包括goroutine、channel等并发编程基础', 'importance': 'important', 'urgency': 'urgent'}, {'title': '学习Go语言包和模块', 'start': '2025-03-10T19:00', 'end': '2025-03-10T21:00', 'description': '包括包的导入、模块的使用等', 'importance': 'important', 'urgency': 'urgent'}, {'title': '完成一个小项目', 'start': '2025-03-11T19:00', 'end': '2025-03-11T21:00', 'description': '通过实际项目应用所学知识', 'importance': 'important', 'urgency': 'urgent'}]
2025-03-06 01:47:54,313-DEBUG-【views-change_view: line 125】{'now_view': {'viewType': 'timeGridWeek', 'start': '2025-03-01T16:00:00.000Z', 'end': '2025-03-08T16:00:00.000Z'}}
2025-03-06 01:47:54,452-DEBUG-【views-user_settings: line 142】{'now_view': {'viewType': 'timeGridWeek', 'start': '2025-03-01T16:00:00.000Z', 'end': '2025-03-08T16:00:00.000Z'}}
2025-03-06 01:47:56,074-DEBUG-【views-change_view: line 125】{'now_view': {'viewType': 'timeGridWeek', 'start': '2025-03-08T16:00:00.000Z', 'end': '2025-03-15T16:00:00.000Z'}}
