2025-04-18 11:19:40,081-DEBUG-【models-init_key: line 272】existing key test_1 is "114514"
2025-04-18 11:19:40,184-DEBUG-【models-init_key: line 272】existing key events is [{"id": "1", "title": "\u8ba9\u6211\u4eec\u5f00\u59cb\u5427\uff01", "start": "2025-04-18T11:00:00", "end": "2025-04-18T12:00:00", "description": "\u82b1\u4e00\u5c0f\u65f6\u65f6\u95f4\uff0c\u5b66\u4e60\u5982\u4f55\u4f7f\u7528\u6211\u4eec\u7684\u8ba1\u5212\u5de5\u5177\uff01", "importance": "important", "urgency": "urgent", "groupID": "1", "ddl": ""}]
2025-04-18 11:19:40,214-DEBUG-【models-init_key: line 272】existing key user_settings is [{"now_view": {"viewType": "timeGridWeek", "start": "2025-04-13T00:00:00Z", "end": "2025-04-20T00:00:00Z"}}, {"now_view": {"viewType": "timeGridWeek", "start": "2025-04-13T00:00:00Z", "end": "2025-04-20T00:00:00Z"}}, {"now_view": {"viewType": "timeGridWeek", "start": "2025-04-13T00:00:00Z", "end": "2025-04-20T00:00:00Z"}}, {"now_view": {"viewType": "timeGridWeek", "start": "2025-04-13T00:00:00Z", "end": "2025-04-20T00:00:00Z"}}, {"now_view": {"viewType": "timeGridWeek", "start": "2025-04-13T00:00:00Z", "end": "2025-04-20T00:00:00Z"}}, {"now_view": {"viewType": "timeGridWeek", "start": "2025-04-13T00:00:00Z", "end": "2025-04-20T00:00:00Z"}}, {"now_view": {"viewType": "timeGridWeek", "start": "2025-04-13T00:00:00Z", "end": "2025-04-20T00:00:00Z"}}, {"now_view": {"viewType": "timeGridWeek", "start": "2025-04-13T00:00:00Z", "end": "2025-04-20T00:00:00Z"}}, {"now_view": {"viewType": "timeGridWeek", "start": "2025-04-13T00:00:00Z", "end": "2025-04-20T00:00:00Z"}}]
2025-04-18 11:19:40,216-DEBUG-【views-change_view: line 130】user_settings 是 [{'now_view': {'viewType': 'timeGridWeek', 'start': '2025-04-13T00:00:00Z', 'end': '2025-04-20T00:00:00Z'}}, {'now_view': {'viewType': 'timeGridWeek', 'start': '2025-04-13T00:00:00Z', 'end': '2025-04-20T00:00:00Z'}}, {'now_view': {'viewType': 'timeGridWeek', 'start': '2025-04-13T00:00:00Z', 'end': '2025-04-20T00:00:00Z'}}, {'now_view': {'viewType': 'timeGridWeek', 'start': '2025-04-13T00:00:00Z', 'end': '2025-04-20T00:00:00Z'}}, {'now_view': {'viewType': 'timeGridWeek', 'start': '2025-04-13T00:00:00Z', 'end': '2025-04-20T00:00:00Z'}}, {'now_view': {'viewType': 'timeGridWeek', 'start': '2025-04-13T00:00:00Z', 'end': '2025-04-20T00:00:00Z'}}, {'now_view': {'viewType': 'timeGridWeek', 'start': '2025-04-13T00:00:00Z', 'end': '2025-04-20T00:00:00Z'}}, {'now_view': {'viewType': 'timeGridWeek', 'start': '2025-04-13T00:00:00Z', 'end': '2025-04-20T00:00:00Z'}}, {'now_view': {'viewType': 'timeGridWeek', 'start': '2025-04-13T00:00:00Z', 'end': '2025-04-20T00:00:00Z'}}]
2025-04-18 11:23:23,895-DEBUG-【models-init_key: line 272】existing key test_1 is "114514"
2025-04-18 11:23:23,980-DEBUG-【models-init_key: line 272】existing key events is [{"id": "1", "title": "\u8ba9\u6211\u4eec\u5f00\u59cb\u5427\uff01", "start": "2025-04-18T11:00:00", "end": "2025-04-18T12:00:00", "description": "\u82b1\u4e00\u5c0f\u65f6\u65f6\u95f4\uff0c\u5b66\u4e60\u5982\u4f55\u4f7f\u7528\u6211\u4eec\u7684\u8ba1\u5212\u5de5\u5177\uff01", "importance": "important", "urgency": "urgent", "groupID": "1", "ddl": ""}]
2025-04-18 11:23:24,002-ERROR-【models-init_key: line 300】{'status': 'error', 'message': 'Failed to add key <user_settings>: NOT NULL constraint failed: core_userdata.user_id'}
2025-04-18 11:23:24,002-DEBUG-【views-change_view: line 130】user_settings 是 [{'now_view': {'viewType': 'timeGridWeek', 'start': '2025-04-13T00:00:00Z', 'end': '2025-04-20T00:00:00Z'}}]
2025-04-18 11:23:38,625-DEBUG-【models-init_key: line 272】existing key events is [{"id": "1", "title": "\u8ba9\u6211\u4eec\u5f00\u59cb\u5427\uff01", "start": "2025-04-18T11:00:00", "end": "2025-04-18T12:00:00", "description": "\u82b1\u4e00\u5c0f\u65f6\u65f6\u95f4\uff0c\u5b66\u4e60\u5982\u4f55\u4f7f\u7528\u6211\u4eec\u7684\u8ba1\u5212\u5de5\u5177\uff01", "importance": "important", "urgency": "urgent", "groupID": "1", "ddl": ""}]
2025-04-18 11:23:38,630-DEBUG-【models-init_key: line 272】existing key user_settings is []
2025-04-18 11:23:38,630-DEBUG-【views-change_view: line 130】user_settings 是 [{'now_view': {'viewType': 'timeGridWeek', 'start': '2025-04-20T00:00:00Z', 'end': '2025-04-27T00:00:00Z'}}]
2025-04-18 11:23:39,821-DEBUG-【models-init_key: line 272】existing key events is [{"id": "1", "title": "\u8ba9\u6211\u4eec\u5f00\u59cb\u5427\uff01", "start": "2025-04-18T11:00:00", "end": "2025-04-18T12:00:00", "description": "\u82b1\u4e00\u5c0f\u65f6\u65f6\u95f4\uff0c\u5b66\u4e60\u5982\u4f55\u4f7f\u7528\u6211\u4eec\u7684\u8ba1\u5212\u5de5\u5177\uff01", "importance": "important", "urgency": "urgent", "groupID": "1", "ddl": ""}]
2025-04-18 11:23:39,827-DEBUG-【models-init_key: line 272】existing key user_settings is []
2025-04-18 11:23:39,827-DEBUG-【views-change_view: line 130】user_settings 是 [{'now_view': {'viewType': 'timeGridWeek', 'start': '2025-04-27T00:00:00Z', 'end': '2025-05-04T00:00:00Z'}}]
2025-04-18 11:31:39,694-DEBUG-【models-init_key: line 272】existing key events is [{"id": "1", "title": "\u8ba9\u6211\u4eec\u5f00\u59cb\u5427\uff01", "start": "2025-04-18T11:00:00", "end": "2025-04-18T12:00:00", "description": "\u82b1\u4e00\u5c0f\u65f6\u65f6\u95f4\uff0c\u5b66\u4e60\u5982\u4f55\u4f7f\u7528\u6211\u4eec\u7684\u8ba1\u5212\u5de5\u5177\uff01", "importance": "important", "urgency": "urgent", "groupID": "1", "ddl": ""}]
2025-04-18 11:31:39,697-DEBUG-【models-init_key: line 272】existing key user_settings is []
2025-04-18 11:31:39,698-DEBUG-【views-change_view: line 130】user_settings 是 [{'now_view': {'viewType': 'timeGridWeek', 'start': '2025-05-04T00:00:00Z', 'end': '2025-05-11T00:00:00Z'}}]
2025-04-18 11:31:39,998-DEBUG-【models-init_key: line 272】existing key events is [{"id": "1", "title": "\u8ba9\u6211\u4eec\u5f00\u59cb\u5427\uff01", "start": "2025-04-18T11:00:00", "end": "2025-04-18T12:00:00", "description": "\u82b1\u4e00\u5c0f\u65f6\u65f6\u95f4\uff0c\u5b66\u4e60\u5982\u4f55\u4f7f\u7528\u6211\u4eec\u7684\u8ba1\u5212\u5de5\u5177\uff01", "importance": "important", "urgency": "urgent", "groupID": "1", "ddl": ""}]
2025-04-18 11:31:40,001-DEBUG-【models-init_key: line 272】existing key user_settings is []
2025-04-18 11:31:40,002-DEBUG-【views-change_view: line 130】user_settings 是 [{'now_view': {'viewType': 'timeGridWeek', 'start': '2025-05-11T00:00:00Z', 'end': '2025-05-18T00:00:00Z'}}]
2025-04-18 11:36:02,801-DEBUG-【models-init_key: line 272】existing key test_1 is "114514"
2025-04-18 11:36:02,890-DEBUG-【models-init_key: line 272】existing key events is [{"id": "1", "title": "\u8ba9\u6211\u4eec\u5f00\u59cb\u5427\uff01", "start": "2025-04-18T11:00:00", "end": "2025-04-18T12:00:00", "description": "\u82b1\u4e00\u5c0f\u65f6\u65f6\u95f4\uff0c\u5b66\u4e60\u5982\u4f55\u4f7f\u7528\u6211\u4eec\u7684\u8ba1\u5212\u5de5\u5177\uff01", "importance": "important", "urgency": "urgent", "groupID": "1", "ddl": ""}]
2025-04-18 11:36:02,899-DEBUG-【models-init_key: line 272】existing key user_settings is []
2025-04-18 11:36:02,900-DEBUG-【views-change_view: line 130】user_settings 是 [{'now_view': {'viewType': 'timeGridWeek', 'start': '2025-04-13T00:00:00Z', 'end': '2025-04-20T00:00:00Z'}}]
2025-04-18 11:40:38,521-DEBUG-【models-init_key: line 272】existing key test_1 is "114514"
2025-04-18 11:40:38,624-DEBUG-【models-init_key: line 272】existing key events is [{"id": "1", "title": "\u8ba9\u6211\u4eec\u5f00\u59cb\u5427\uff01", "start": "2025-04-18T11:00:00", "end": "2025-04-18T12:00:00", "description": "\u82b1\u4e00\u5c0f\u65f6\u65f6\u95f4\uff0c\u5b66\u4e60\u5982\u4f55\u4f7f\u7528\u6211\u4eec\u7684\u8ba1\u5212\u5de5\u5177\uff01", "importance": "important", "urgency": "urgent", "groupID": "1", "ddl": ""}]
2025-04-18 11:40:38,643-DEBUG-【models-init_key: line 272】existing key user_settings is []
2025-04-18 11:40:38,644-DEBUG-【views-change_view: line 130】user_settings 是 [{'now_view': {'viewType': 'timeGridWeek', 'start': '2025-04-13T00:00:00Z', 'end': '2025-04-20T00:00:00Z'}}]
2025-04-18 11:41:24,074-DEBUG-【models-init_key: line 272】existing key events is [{"id": "1", "title": "\u8ba9\u6211\u4eec\u5f00\u59cb\u5427\uff01", "start": "2025-04-18T11:00:00", "end": "2025-04-18T12:00:00", "description": "\u82b1\u4e00\u5c0f\u65f6\u65f6\u95f4\uff0c\u5b66\u4e60\u5982\u4f55\u4f7f\u7528\u6211\u4eec\u7684\u8ba1\u5212\u5de5\u5177\uff01", "importance": "important", "urgency": "urgent", "groupID": "1", "ddl": ""}]
2025-04-18 11:41:24,077-DEBUG-【models-init_key: line 272】existing key user_settings is []
2025-04-18 11:41:24,078-DEBUG-【views-change_view: line 130】user_settings 是 [{'now_view': {'viewType': 'timeGridWeek', 'start': '2025-04-20T00:00:00Z', 'end': '2025-04-27T00:00:00Z'}}]
2025-04-18 11:41:46,283-DEBUG-【models-init_key: line 272】existing key events is [{"id": "1", "title": "\u8ba9\u6211\u4eec\u5f00\u59cb\u5427\uff01", "start": "2025-04-18T11:00:00", "end": "2025-04-18T12:00:00", "description": "\u82b1\u4e00\u5c0f\u65f6\u65f6\u95f4\uff0c\u5b66\u4e60\u5982\u4f55\u4f7f\u7528\u6211\u4eec\u7684\u8ba1\u5212\u5de5\u5177\uff01", "importance": "important", "urgency": "urgent", "groupID": "1", "ddl": ""}]
2025-04-18 11:41:46,290-DEBUG-【models-init_key: line 272】existing key user_settings is []
2025-04-18 11:41:46,290-DEBUG-【views-change_view: line 130】user_settings 是 [{'now_view': {'viewType': 'timeGridWeek', 'start': '2025-04-27T00:00:00Z', 'end': '2025-05-04T00:00:00Z'}}]
2025-04-18 11:41:46,539-DEBUG-【models-init_key: line 272】existing key events is [{"id": "1", "title": "\u8ba9\u6211\u4eec\u5f00\u59cb\u5427\uff01", "start": "2025-04-18T11:00:00", "end": "2025-04-18T12:00:00", "description": "\u82b1\u4e00\u5c0f\u65f6\u65f6\u95f4\uff0c\u5b66\u4e60\u5982\u4f55\u4f7f\u7528\u6211\u4eec\u7684\u8ba1\u5212\u5de5\u5177\uff01", "importance": "important", "urgency": "urgent", "groupID": "1", "ddl": ""}]
2025-04-18 11:41:46,542-DEBUG-【models-init_key: line 272】existing key user_settings is []
2025-04-18 11:41:46,542-DEBUG-【views-change_view: line 130】user_settings 是 [{'now_view': {'viewType': 'timeGridWeek', 'start': '2025-05-04T00:00:00Z', 'end': '2025-05-11T00:00:00Z'}}]
